<?xml version="1.0" encoding="UTF-8"?>
<coverage generated="1630239564592" clover="3.2.0">
  <project timestamp="1630239564592" name="All files">
    <metrics statements="163" coveredstatements="112" conditionals="149" coveredconditionals="76" methods="29" coveredmethods="5" elements="341" coveredelements="193" complexity="0" loc="163" ncloc="163" packages="9" files="10" classes="10"/>
    <package name="components.AddToBasket">
      <metrics statements="11" coveredstatements="6" conditionals="8" coveredconditionals="0" methods="5" coveredmethods="0"/>
      <file name="AddToBasket.svelte" path="/home/jaskaran/repos/enki-website/src/components/AddToBasket/AddToBasket.svelte">
        <metrics statements="11" coveredstatements="6" conditionals="8" coveredconditionals="0" methods="5" coveredmethods="0"/>
        <line num="2" count="3" type="stmt"/>
        <line num="3" count="5" type="stmt"/>
        <line num="15" count="5" type="stmt"/>
        <line num="21" count="0" type="stmt"/>
        <line num="22" count="0" type="cond" truecount="0" falsecount="2"/>
        <line num="26" count="0" type="stmt"/>
        <line num="29" count="0" type="stmt"/>
        <line num="32" count="0" type="stmt"/>
        <line num="41" count="5" type="stmt"/>
        <line num="45" count="5" type="cond" truecount="0" falsecount="2"/>
        <line num="48" count="5" type="stmt"/>
      </file>
    </package>
    <package name="components.CategoryView">
      <metrics statements="30" coveredstatements="26" conditionals="44" coveredconditionals="38" methods="1" coveredmethods="0"/>
      <file name="CategoryView.svelte" path="/home/jaskaran/repos/enki-website/src/components/CategoryView/CategoryView.svelte">
        <metrics statements="30" coveredstatements="26" conditionals="44" coveredconditionals="38" methods="1" coveredmethods="0"/>
        <line num="4" count="1" type="stmt"/>
        <line num="11" count="3" type="stmt"/>
        <line num="13" count="0" type="stmt"/>
        <line num="19" count="0" type="stmt"/>
        <line num="21" count="0" type="stmt"/>
        <line num="26" count="10" type="cond" truecount="2" falsecount="0"/>
        <line num="29" count="7" type="cond" truecount="2" falsecount="0"/>
        <line num="33" count="1" type="stmt"/>
        <line num="34" count="1" type="stmt"/>
        <line num="35" count="1" type="stmt"/>
        <line num="36" count="1" type="stmt"/>
        <line num="38" count="5" type="stmt"/>
        <line num="39" count="5" type="stmt"/>
        <line num="40" count="5" type="stmt"/>
        <line num="42" count="5" type="cond" truecount="6" falsecount="1"/>
        <line num="46" count="1" type="stmt"/>
        <line num="47" count="1" type="stmt"/>
        <line num="54" count="3" type="stmt"/>
        <line num="59" count="4" type="stmt"/>
        <line num="61" count="6" type="stmt"/>
        <line num="64" count="6" type="stmt"/>
        <line num="70" count="0" type="stmt"/>
        <line num="75" count="5" type="cond" truecount="1" falsecount="1"/>
        <line num="78" count="2" type="stmt"/>
        <line num="82" count="6" type="stmt"/>
        <line num="84" count="5" type="cond" truecount="2" falsecount="0"/>
        <line num="85" count="4" type="cond" truecount="2" falsecount="0"/>
        <line num="86" count="1" type="stmt"/>
        <line num="87" count="5" type="cond" truecount="6" falsecount="2"/>
        <line num="92" count="9" type="cond" truecount="7" falsecount="0"/>
      </file>
    </package>
    <package name="components.Checkout">
      <metrics statements="13" coveredstatements="7" conditionals="0" coveredconditionals="0" methods="0" coveredmethods="0"/>
      <file name="Checkout.svelte" path="/home/jaskaran/repos/enki-website/src/components/Checkout/Checkout.svelte">
        <metrics statements="13" coveredstatements="7" conditionals="0" coveredconditionals="0" methods="0" coveredmethods="0"/>
        <line num="1" count="1" type="stmt"/>
        <line num="3" count="1" type="stmt"/>
        <line num="5" count="1" type="stmt"/>
        <line num="6" count="1" type="stmt"/>
        <line num="7" count="1" type="stmt"/>
        <line num="14" count="1" type="stmt"/>
        <line num="19" count="0" type="stmt"/>
        <line num="26" count="0" type="stmt"/>
        <line num="27" count="0" type="stmt"/>
        <line num="28" count="0" type="stmt"/>
        <line num="35" count="0" type="stmt"/>
        <line num="40" count="0" type="stmt"/>
        <line num="44" count="1" type="stmt"/>
      </file>
    </package>
    <package name="components.ProductView">
      <metrics statements="26" coveredstatements="22" conditionals="26" coveredconditionals="21" methods="1" coveredmethods="1"/>
      <file name="ProductView.svelte" path="/home/jaskaran/repos/enki-website/src/components/ProductView/ProductView.svelte">
        <metrics statements="26" coveredstatements="22" conditionals="26" coveredconditionals="21" methods="1" coveredmethods="1"/>
        <line num="4" count="5" type="stmt"/>
        <line num="11" count="5" type="stmt"/>
        <line num="13" count="0" type="stmt"/>
        <line num="19" count="0" type="stmt"/>
        <line num="21" count="0" type="stmt"/>
        <line num="26" count="10" type="cond" truecount="2" falsecount="0"/>
        <line num="29" count="5" type="cond" truecount="2" falsecount="0"/>
        <line num="33" count="2" type="stmt"/>
        <line num="34" count="2" type="stmt"/>
        <line num="35" count="2" type="stmt"/>
        <line num="37" count="7" type="stmt"/>
        <line num="38" count="7" type="cond" truecount="1" falsecount="0"/>
        <line num="39" count="7" type="cond" truecount="1" falsecount="0"/>
        <line num="40" count="7" type="stmt"/>
        <line num="41" count="7" type="stmt"/>
        <line num="44" count="5" type="stmt"/>
        <line num="47" count="8" type="cond" truecount="4" falsecount="0"/>
        <line num="53" count="2" type="stmt"/>
        <line num="54" count="2" type="stmt"/>
        <line num="59" count="2" type="stmt"/>
        <line num="60" count="2" type="stmt"/>
        <line num="64" count="7" type="cond" truecount="5" falsecount="0"/>
        <line num="66" count="2" type="cond" truecount="2" falsecount="0"/>
        <line num="67" count="3" type="stmt"/>
        <line num="71" count="2" type="cond" truecount="1" falsecount="1"/>
        <line num="72" count="0" type="cond" truecount="0" falsecount="2"/>
      </file>
    </package>
    <package name="components.RootCategories">
      <metrics statements="20" coveredstatements="15" conditionals="15" coveredconditionals="8" methods="2" coveredmethods="2"/>
      <file name="RootCategories.svelte" path="/home/jaskaran/repos/enki-website/src/components/RootCategories/RootCategories.svelte">
        <metrics statements="20" coveredstatements="15" conditionals="15" coveredconditionals="8" methods="2" coveredmethods="2"/>
        <line num="4" count="4" type="stmt"/>
        <line num="11" count="4" type="stmt"/>
        <line num="13" count="0" type="stmt"/>
        <line num="19" count="0" type="stmt"/>
        <line num="21" count="0" type="stmt"/>
        <line num="26" count="8" type="cond" truecount="2" falsecount="0"/>
        <line num="29" count="4" type="cond" truecount="2" falsecount="0"/>
        <line num="33" count="1" type="stmt"/>
        <line num="34" count="1" type="stmt"/>
        <line num="35" count="1" type="stmt"/>
        <line num="36" count="1" type="stmt"/>
        <line num="37" count="1" type="stmt"/>
        <line num="39" count="4" type="stmt"/>
        <line num="41" count="4" type="cond" truecount="1" falsecount="1"/>
        <line num="45" count="4" type="stmt"/>
        <line num="46" count="4" type="stmt"/>
        <line num="56" count="8" type="stmt"/>
        <line num="59" count="0" type="stmt"/>
        <line num="60" count="0" type="stmt"/>
        <line num="63" count="3" type="cond" truecount="0" falsecount="4"/>
      </file>
    </package>
    <package name="components.SingleProduct">
      <metrics statements="19" coveredstatements="16" conditionals="41" coveredconditionals="9" methods="1" coveredmethods="1"/>
      <file name="SingleProduct.svelte" path="/home/jaskaran/repos/enki-website/src/components/SingleProduct/SingleProduct.svelte">
        <metrics statements="19" coveredstatements="16" conditionals="41" coveredconditionals="9" methods="1" coveredmethods="1"/>
        <line num="1" count="3" type="stmt"/>
        <line num="2" count="3" type="stmt"/>
        <line num="4" count="6" type="stmt"/>
        <line num="5" count="6" type="cond" truecount="1" falsecount="0"/>
        <line num="7" count="6" type="cond" truecount="2" falsecount="0"/>
        <line num="9" count="5" type="cond" truecount="2" falsecount="0"/>
        <line num="10" count="2" type="cond" truecount="2" falsecount="0"/>
        <line num="11" count="5" type="stmt"/>
        <line num="13" count="2" type="cond" truecount="1" falsecount="3"/>
        <line num="14" count="2" type="cond" truecount="0" falsecount="2"/>
        <line num="20" count="2" type="cond" truecount="0" falsecount="4"/>
        <line num="21" count="2" type="cond" truecount="0" falsecount="4"/>
        <line num="22" count="2" type="cond" truecount="0" falsecount="4"/>
        <line num="25" count="3" type="cond" truecount="1" falsecount="3"/>
        <line num="26" count="3" type="cond" truecount="0" falsecount="2"/>
        <line num="28" count="0" type="cond" truecount="0" falsecount="2"/>
        <line num="29" count="3" type="cond" truecount="0" falsecount="4"/>
        <line num="33" count="0" type="cond" truecount="0" falsecount="2"/>
        <line num="34" count="0" type="cond" truecount="0" falsecount="2"/>
      </file>
    </package>
    <package name="components.VariantProducts">
      <metrics statements="13" coveredstatements="2" conditionals="15" coveredconditionals="0" methods="1" coveredmethods="0"/>
      <file name="VariantProducts.svelte" path="/home/jaskaran/repos/enki-website/src/components/VariantProducts/VariantProducts.svelte">
        <metrics statements="13" coveredstatements="2" conditionals="15" coveredconditionals="0" methods="1" coveredmethods="0"/>
        <line num="1" count="2" type="stmt"/>
        <line num="2" count="2" type="stmt"/>
        <line num="4" count="0" type="stmt"/>
        <line num="5" count="0" type="cond" truecount="0" falsecount="1"/>
        <line num="6" count="0" type="stmt"/>
        <line num="9" count="0" type="stmt"/>
        <line num="12" count="0" type="cond" truecount="0" falsecount="2"/>
        <line num="13" count="0" type="stmt"/>
        <line num="14" count="0" type="cond" truecount="0" falsecount="2"/>
        <line num="15" count="0" type="stmt"/>
        <line num="16" count="0" type="cond" truecount="0" falsecount="6"/>
        <line num="21" count="0" type="cond" truecount="0" falsecount="2"/>
        <line num="22" count="0" type="cond" truecount="0" falsecount="2"/>
      </file>
    </package>
    <package name="libs">
      <metrics statements="25" coveredstatements="12" conditionals="0" coveredconditionals="0" methods="17" coveredmethods="0"/>
      <file name="requests.ts" path="/home/jaskaran/repos/enki-website/src/libs/requests.ts">
        <metrics statements="25" coveredstatements="12" conditionals="0" coveredconditionals="0" methods="17" coveredmethods="0"/>
        <line num="1" count="3" type="stmt"/>
        <line num="2" count="3" type="stmt"/>
        <line num="3" count="3" type="stmt"/>
        <line num="12" count="3" type="stmt"/>
        <line num="15" count="0" type="stmt"/>
        <line num="17" count="0" type="stmt"/>
        <line num="18" count="0" type="stmt"/>
        <line num="19" count="0" type="stmt"/>
        <line num="21" count="0" type="stmt"/>
        <line num="24" count="3" type="stmt"/>
        <line num="26" count="0" type="stmt"/>
        <line num="28" count="3" type="stmt"/>
        <line num="29" count="0" type="stmt"/>
        <line num="31" count="3" type="stmt"/>
        <line num="32" count="0" type="stmt"/>
        <line num="34" count="3" type="stmt"/>
        <line num="35" count="0" type="stmt"/>
        <line num="37" count="3" type="stmt"/>
        <line num="39" count="0" type="stmt"/>
        <line num="41" count="3" type="stmt"/>
        <line num="43" count="0" type="stmt"/>
        <line num="45" count="3" type="stmt"/>
        <line num="47" count="0" type="stmt"/>
        <line num="49" count="3" type="stmt"/>
        <line num="51" count="0" type="stmt"/>
      </file>
    </package>
    <package name="stores">
      <metrics statements="6" coveredstatements="6" conditionals="0" coveredconditionals="0" methods="1" coveredmethods="1"/>
      <file name="basket.ts" path="/home/jaskaran/repos/enki-website/src/stores/basket.ts">
        <metrics statements="2" coveredstatements="2" conditionals="0" coveredconditionals="0" methods="0" coveredmethods="0"/>
        <line num="1" count="4" type="stmt"/>
        <line num="8" count="4" type="stmt"/>
      </file>
      <file name="categories.ts" path="/home/jaskaran/repos/enki-website/src/stores/categories.ts">
        <metrics statements="4" coveredstatements="4" conditionals="0" coveredconditionals="0" methods="1" coveredmethods="1"/>
        <line num="1" count="2" type="stmt"/>
        <line num="4" count="2" type="stmt"/>
        <line num="10" count="2" type="stmt"/>
        <line num="12" count="5" type="stmt"/>
      </file>
    </package>
  </project>
</coverage>
