{
  "/home/jaskaran/repos/enki-website/src/components/AddToBasket/AddToBasket.svelte": {
    "path": "/home/jaskaran/repos/enki-website/src/components/AddToBasket/AddToBasket.svelte",
    "statementMap": {
      "0": {
        "start": { "line": 2, "column": 15 },
        "end": { "line": 2, "column": null }
      },
      "1": {
        "start": { "line": 45, "column": 5 },
        "end": { "line": 45, "column": 69 }
      },
      "2": {
        "start": { "line": 45, "column": 5 },
        "end": { "line": 45, "column": null }
      },
      "3": {
        "start": { "line": 3, "column": 20 },
        "end": { "line": 3, "column": null }
      },
      "4": {
        "start": { "line": 15, "column": 22 },
        "end": { "line": 18, "column": null }
      },
      "5": {
        "start": { "line": 15, "column": 34 },
        "end": { "line": 18, "column": null }
      },
      "6": {
        "start": { "line": 21, "column": 13 },
        "end": { "line": 21, "column": null }
      },
      "7": {
        "start": { "line": 21, "column": 35 },
        "end": { "line": 21, "column": 48 }
      },
      "8": {
        "start": { "line": 22, "column": 2 },
        "end": { "line": 22, "column": null }
      },
      "9": {
        "start": { "line": 26, "column": 13 },
        "end": { "line": 26, "column": null }
      },
      "10": {
        "start": { "line": 29, "column": 13 },
        "end": { "line": 29, "column": null }
      },
      "11": {
        "start": { "line": 32, "column": 13 },
        "end": { "line": 32, "column": null }
      },
      "12": {
        "start": { "line": 45, "column": 24 },
        "end": { "line": 45, "column": 68 }
      },
      "13": {
        "start": { "line": 45, "column": 32 },
        "end": { "line": 45, "column": 68 }
      },
      "14": {
        "start": { "line": 41, "column": 4 },
        "end": { "line": 41, "column": null }
      },
      "15": {
        "start": { "line": 48, "column": 6 },
        "end": { "line": 48, "column": null }
      }
    },
    "fnMap": {
      "0": {
        "name": "(anonymous_14)",
        "decl": {
          "start": { "line": 15, "column": 22 },
          "end": { "line": 15, "column": 26 }
        },
        "loc": {
          "start": { "line": 15, "column": 34 },
          "end": { "line": 18, "column": null }
        }
      },
      "1": {
        "name": "(anonymous_16)",
        "decl": {
          "start": { "line": 21, "column": 28 },
          "end": { "line": 21, "column": 31 }
        },
        "loc": {
          "start": { "line": 21, "column": 35 },
          "end": { "line": 21, "column": 48 }
        }
      },
      "2": {
        "name": "(anonymous_18)",
        "decl": {
          "start": { "line": 45, "column": 24 },
          "end": { "line": 45, "column": 27 }
        },
        "loc": {
          "start": { "line": 45, "column": 32 },
          "end": { "line": 45, "column": 68 }
        }
      },
      "3": {
        "name": "(anonymous_19)",
        "decl": {
          "start": { "line": 41, "column": 4 },
          "end": { "line": 41, "column": 10 }
        },
        "loc": {
          "start": { "line": 41, "column": 4 },
          "end": { "line": 41, "column": null }
        }
      },
      "4": {
        "name": "(anonymous_20)",
        "decl": {
          "start": { "line": 48, "column": 6 },
          "end": { "line": 48, "column": 12 }
        },
        "loc": {
          "start": { "line": 48, "column": 6 },
          "end": { "line": 48, "column": null }
        }
      }
    },
    "branchMap": {
      "0": {
        "loc": {
          "start": { "line": 45, "column": 5 },
          "end": { "line": 45, "column": null }
        },
        "type": "if",
        "locations": [
          {
            "start": { "line": 45, "column": 5 },
            "end": { "line": 45, "column": null }
          },
          {
            "start": { "line": 45, "column": 5 },
            "end": { "line": 45, "column": null }
          }
        ]
      },
      "1": {
        "loc": {
          "start": { "line": 5, "column": 92 },
          "end": { "line": 5, "column": 152 }
        },
        "type": "cond-expr",
        "locations": [
          {
            "start": { "line": 5, "column": 92 },
            "end": { "line": 5, "column": 152 }
          }
        ]
      },
      "2": {
        "loc": {
          "start": { "line": 22, "column": 27 },
          "end": { "line": 22, "column": 37 }
        },
        "type": "cond-expr",
        "locations": [
          {
            "start": { "line": 22, "column": 27 },
            "end": { "line": 22, "column": 37 }
          },
          {
            "start": { "line": 22, "column": 40 },
            "end": { "line": 22, "column": 49 }
          }
        ]
      },
      "3": {
        "loc": {
          "start": { "line": 25, "column": 9 },
          "end": { "line": 26, "column": null }
        },
        "type": "switch",
        "locations": [
          {
            "start": { "line": 25, "column": 9 },
            "end": { "line": 26, "column": null }
          },
          {
            "start": { "line": 28, "column": 9 },
            "end": { "line": 29, "column": null }
          },
          {
            "start": { "line": 31, "column": 9 },
            "end": { "line": 32, "column": null }
          }
        ]
      }
    },
    "s": {
      "0": 3,
      "1": 5,
      "2": 0,
      "3": 5,
      "4": 5,
      "5": 0,
      "6": 0,
      "7": 0,
      "8": 0,
      "9": 0,
      "10": 0,
      "11": 0,
      "12": 5,
      "13": 0,
      "14": 5,
      "15": 5
    },
    "f": { "0": 0, "1": 0, "2": 0, "3": 0, "4": 0 },
    "b": { "0": [0, 0], "1": [0], "2": [0, 0], "3": [0, 0, 0] }
  },
  "/home/jaskaran/repos/enki-website/src/components/CategoryView/CategoryView.svelte": {
    "path": "/home/jaskaran/repos/enki-website/src/components/CategoryView/CategoryView.svelte",
    "statementMap": {
      "0": {
        "start": { "line": 33, "column": 16 },
        "end": { "line": 33, "column": null }
      },
      "1": {
        "start": { "line": 34, "column": 18 },
        "end": { "line": 34, "column": null }
      },
      "2": {
        "start": { "line": 35, "column": 24 },
        "end": { "line": 35, "column": null }
      },
      "3": {
        "start": { "line": 36, "column": 19 },
        "end": { "line": 36, "column": null }
      },
      "4": {
        "start": { "line": 85, "column": 7 },
        "end": { "line": 85, "column": null }
      },
      "5": {
        "start": { "line": 86, "column": 11 },
        "end": { "line": 86, "column": 34 }
      },
      "6": {
        "start": { "line": 86, "column": 6 },
        "end": { "line": 86, "column": 10 }
      },
      "7": {
        "start": { "line": 86, "column": 11 },
        "end": { "line": 86, "column": null }
      },
      "8": {
        "start": { "line": 86, "column": 6 },
        "end": { "line": 86, "column": 11 }
      },
      "9": {
        "start": { "line": 87, "column": 49 },
        "end": { "line": 87, "column": 60 }
      },
      "10": {
        "start": { "line": 87, "column": 60 },
        "end": { "line": 87, "column": null }
      },
      "11": {
        "start": { "line": 87, "column": 57 },
        "end": { "line": 87, "column": 60 }
      },
      "12": {
        "start": { "line": 87, "column": 66 },
        "end": { "line": 87, "column": null }
      },
      "13": {
        "start": { "line": 92, "column": 5 },
        "end": { "line": 92, "column": null }
      },
      "14": {
        "start": { "line": 84, "column": 5 },
        "end": { "line": 84, "column": null }
      },
      "15": {
        "start": { "line": 92, "column": 66 },
        "end": { "line": 92, "column": null }
      },
      "16": {
        "start": { "line": 4, "column": 6 },
        "end": { "line": 4, "column": null }
      },
      "17": {
        "start": { "line": 11, "column": 8 },
        "end": { "line": 11, "column": null }
      },
      "18": {
        "start": { "line": 13, "column": 8 },
        "end": { "line": 13, "column": null }
      },
      "19": {
        "start": { "line": 19, "column": 8 },
        "end": { "line": 19, "column": null }
      },
      "20": {
        "start": { "line": 21, "column": 8 },
        "end": { "line": 21, "column": null }
      },
      "21": {
        "start": { "line": 26, "column": 6 },
        "end": { "line": 26, "column": null }
      },
      "22": {
        "start": { "line": 29, "column": 4 },
        "end": { "line": 29, "column": null }
      },
      "23": {
        "start": { "line": 38, "column": 26 },
        "end": { "line": 38, "column": 27 }
      },
      "24": {
        "start": { "line": 39, "column": 21 },
        "end": { "line": 39, "column": null }
      },
      "25": {
        "start": { "line": 40, "column": 21 },
        "end": { "line": 40, "column": null }
      },
      "26": {
        "start": { "line": 42, "column": 27 },
        "end": { "line": 42, "column": 174 }
      },
      "27": {
        "start": { "line": 46, "column": 12 },
        "end": { "line": 46, "column": null }
      },
      "28": {
        "start": { "line": 47, "column": 4 },
        "end": { "line": 47, "column": null }
      },
      "29": {
        "start": { "line": 54, "column": 11 },
        "end": { "line": 54, "column": null }
      },
      "30": {
        "start": { "line": 59, "column": 15 },
        "end": { "line": 59, "column": null }
      },
      "31": {
        "start": { "line": 61, "column": 21 },
        "end": { "line": 61, "column": null }
      },
      "32": {
        "start": { "line": 64, "column": 17 },
        "end": { "line": 64, "column": null }
      },
      "33": {
        "start": { "line": 70, "column": 11 },
        "end": { "line": 70, "column": null }
      },
      "34": {
        "start": { "line": 75, "column": 2 },
        "end": { "line": 75, "column": null }
      },
      "35": {
        "start": { "line": 78, "column": 10 },
        "end": { "line": 78, "column": null }
      },
      "36": {
        "start": { "line": 87, "column": 30 },
        "end": { "line": 87, "column": 49 }
      },
      "37": {
        "start": { "line": 82, "column": 0 },
        "end": { "line": 82, "column": null }
      },
      "38": {
        "start": { "line": 82, "column": 1 },
        "end": { "line": 82, "column": null }
      }
    },
    "fnMap": {
      "0": {
        "name": "(anonymous_43)",
        "decl": {
          "start": { "line": 87, "column": 30 },
          "end": { "line": 87, "column": 40 }
        },
        "loc": {
          "start": { "line": 87, "column": 30 },
          "end": { "line": 87, "column": 49 }
        }
      }
    },
    "branchMap": {
      "0": {
        "loc": {
          "start": { "line": 85, "column": 7 },
          "end": { "line": 85, "column": 37 }
        },
        "type": "binary-expr",
        "locations": [
          {
            "start": { "line": 85, "column": 7 },
            "end": { "line": 85, "column": 37 }
          },
          {
            "start": { "line": 85, "column": 37 },
            "end": { "line": 85, "column": null }
          }
        ]
      },
      "1": {
        "loc": {
          "start": { "line": 87, "column": 49 },
          "end": { "line": 87, "column": 60 }
        },
        "type": "if",
        "locations": [
          {
            "start": { "line": 87, "column": 49 },
            "end": { "line": 87, "column": 60 }
          },
          {
            "start": { "line": 87, "column": 49 },
            "end": { "line": 87, "column": 60 }
          }
        ]
      },
      "2": {
        "loc": {
          "start": { "line": 87, "column": 49 },
          "end": { "line": 87, "column": 52 }
        },
        "type": "binary-expr",
        "locations": [
          {
            "start": { "line": 87, "column": 49 },
            "end": { "line": 87, "column": 52 }
          },
          {
            "start": { "line": 87, "column": 49 },
            "end": { "line": 87, "column": 60 }
          }
        ]
      },
      "3": {
        "loc": {
          "start": { "line": 87, "column": 60 },
          "end": { "line": 87, "column": null }
        },
        "type": "if",
        "locations": [
          {
            "start": { "line": 87, "column": 60 },
            "end": { "line": 87, "column": null }
          },
          {
            "start": { "line": 87, "column": 60 },
            "end": { "line": 87, "column": null }
          }
        ]
      },
      "4": {
        "loc": {
          "start": { "line": 87, "column": 60 },
          "end": { "line": 87, "column": 63 }
        },
        "type": "binary-expr",
        "locations": [
          {
            "start": { "line": 87, "column": 60 },
            "end": { "line": 87, "column": 63 }
          },
          {
            "start": { "line": 87, "column": 60 },
            "end": { "line": 87, "column": null }
          }
        ]
      },
      "5": {
        "loc": {
          "start": { "line": 92, "column": 5 },
          "end": { "line": 92, "column": 23 }
        },
        "type": "binary-expr",
        "locations": [
          {
            "start": { "line": 92, "column": 5 },
            "end": { "line": 92, "column": 23 }
          },
          {
            "start": { "line": 92, "column": 27 },
            "end": { "line": 92, "column": 66 }
          }
        ]
      },
      "6": {
        "loc": {
          "start": { "line": 84, "column": 5 },
          "end": { "line": 84, "column": null }
        },
        "type": "binary-expr",
        "locations": [
          {
            "start": { "line": 84, "column": 5 },
            "end": { "line": 84, "column": null }
          },
          {
            "start": { "line": 84, "column": 19 },
            "end": { "line": 84, "column": null }
          }
        ]
      },
      "7": {
        "loc": {
          "start": { "line": 92, "column": 5 },
          "end": { "line": 92, "column": null }
        },
        "type": "if",
        "locations": [
          {
            "start": { "line": 92, "column": 5 },
            "end": { "line": 92, "column": null }
          },
          {
            "start": { "line": 92, "column": 5 },
            "end": { "line": 92, "column": null }
          }
        ]
      },
      "8": {
        "loc": {
          "start": { "line": 92, "column": 5 },
          "end": { "line": 92, "column": 19 }
        },
        "type": "binary-expr",
        "locations": [
          {
            "start": { "line": 92, "column": 5 },
            "end": { "line": 92, "column": 19 }
          },
          {
            "start": { "line": 92, "column": 5 },
            "end": { "line": 92, "column": 19 }
          },
          {
            "start": { "line": 92, "column": 5 },
            "end": { "line": 92, "column": null }
          }
        ]
      },
      "9": {
        "loc": {
          "start": { "line": 1, "column": 42 },
          "end": { "line": 1, "column": 46 }
        },
        "type": "binary-expr",
        "locations": [
          {
            "start": { "line": 1, "column": 42 },
            "end": { "line": 1, "column": 46 }
          },
          {
            "start": { "line": 1, "column": 50 },
            "end": { "line": 1, "column": 64 }
          }
        ]
      },
      "10": {
        "loc": {
          "start": { "line": 3, "column": 32 },
          "end": { "line": 3, "column": 37 }
        },
        "type": "cond-expr",
        "locations": [
          {
            "start": { "line": 3, "column": 32 },
            "end": { "line": 3, "column": 37 }
          }
        ]
      },
      "11": {
        "loc": {
          "start": { "line": 8, "column": 14 },
          "end": { "line": 8, "column": 15 }
        },
        "type": "binary-expr",
        "locations": [
          {
            "start": { "line": 8, "column": 14 },
            "end": { "line": 8, "column": 15 }
          },
          {
            "start": { "line": 8, "column": 20 },
            "end": { "line": 8, "column": 31 }
          }
        ]
      },
      "12": {
        "loc": {
          "start": { "line": 26, "column": 20 },
          "end": { "line": 26, "column": 44 }
        },
        "type": "cond-expr",
        "locations": [
          {
            "start": { "line": 26, "column": 20 },
            "end": { "line": 26, "column": 44 }
          },
          {
            "start": { "line": 26, "column": 44 },
            "end": { "line": 26, "column": null }
          }
        ]
      },
      "13": {
        "loc": {
          "start": { "line": 29, "column": 47 },
          "end": { "line": 29, "column": 57 }
        },
        "type": "binary-expr",
        "locations": [
          {
            "start": { "line": 29, "column": 47 },
            "end": { "line": 29, "column": 57 }
          },
          {
            "start": { "line": 29, "column": 57 },
            "end": { "line": 29, "column": 66 }
          }
        ]
      },
      "14": {
        "loc": {
          "start": { "line": 42, "column": 27 },
          "end": { "line": 42, "column": 38 }
        },
        "type": "binary-expr",
        "locations": [
          {
            "start": { "line": 42, "column": 27 },
            "end": { "line": 42, "column": 38 }
          },
          {
            "start": { "line": 42, "column": 38 },
            "end": { "line": 42, "column": 136 }
          },
          {
            "start": { "line": 42, "column": 140 },
            "end": { "line": 42, "column": 174 }
          }
        ]
      },
      "15": {
        "loc": {
          "start": { "line": 42, "column": 97 },
          "end": { "line": 42, "column": 98 }
        },
        "type": "cond-expr",
        "locations": [
          {
            "start": { "line": 42, "column": 97 },
            "end": { "line": 42, "column": 98 }
          },
          {
            "start": { "line": 42, "column": 101 },
            "end": { "line": 42, "column": 121 }
          }
        ]
      },
      "16": {
        "loc": {
          "start": { "line": 42, "column": 43 },
          "end": { "line": 42, "column": 63 }
        },
        "type": "binary-expr",
        "locations": [
          {
            "start": { "line": 42, "column": 43 },
            "end": { "line": 42, "column": 63 }
          },
          {
            "start": { "line": 42, "column": 67 },
            "end": { "line": 42, "column": 89 }
          }
        ]
      },
      "17": {
        "loc": {
          "start": { "line": 75, "column": 42 },
          "end": { "line": 75, "column": 101 }
        },
        "type": "cond-expr",
        "locations": [
          {
            "start": { "line": 75, "column": 42 },
            "end": { "line": 75, "column": 101 }
          },
          {
            "start": { "line": 75, "column": 101 },
            "end": { "line": 75, "column": 110 }
          }
        ]
      },
      "18": {
        "loc": {
          "start": { "line": 77, "column": 7 },
          "end": { "line": 77, "column": 21 }
        },
        "type": "binary-expr",
        "locations": [
          {
            "start": { "line": 77, "column": 7 },
            "end": { "line": 77, "column": 21 }
          },
          {
            "start": { "line": 77, "column": 21 },
            "end": { "line": 77, "column": 37 }
          },
          {
            "start": { "line": 77, "column": 37 },
            "end": { "line": 77, "column": 139 }
          }
        ]
      },
      "19": {
        "loc": {
          "start": { "line": 77, "column": 96 },
          "end": { "line": 77, "column": 97 }
        },
        "type": "cond-expr",
        "locations": [
          {
            "start": { "line": 77, "column": 96 },
            "end": { "line": 77, "column": 97 }
          },
          {
            "start": { "line": 77, "column": 100 },
            "end": { "line": 77, "column": 114 }
          }
        ]
      },
      "20": {
        "loc": {
          "start": { "line": 77, "column": 42 },
          "end": { "line": 77, "column": 62 }
        },
        "type": "binary-expr",
        "locations": [
          {
            "start": { "line": 77, "column": 42 },
            "end": { "line": 77, "column": 62 }
          },
          {
            "start": { "line": 77, "column": 66 },
            "end": { "line": 77, "column": 88 }
          }
        ]
      }
    },
    "s": {
      "0": 1,
      "1": 1,
      "2": 1,
      "3": 1,
      "4": 4,
      "5": 1,
      "6": 1,
      "7": 1,
      "8": 1,
      "9": 2,
      "10": 2,
      "11": 0,
      "12": 0,
      "13": 9,
      "14": 5,
      "15": 1,
      "16": 1,
      "17": 3,
      "18": 0,
      "19": 0,
      "20": 0,
      "21": 10,
      "22": 7,
      "23": 5,
      "24": 5,
      "25": 5,
      "26": 5,
      "27": 1,
      "28": 1,
      "29": 3,
      "30": 4,
      "31": 6,
      "32": 6,
      "33": 0,
      "34": 5,
      "35": 2,
      "36": 5,
      "37": 6,
      "38": 6
    },
    "f": { "0": 0 },
    "b": {
      "0": [4, 1],
      "1": [0, 1],
      "2": [1, 1],
      "3": [0, 1],
      "4": [1, 1],
      "5": [9, 2],
      "6": [5, 3],
      "7": [1, 3],
      "8": [4, 4, 4],
      "9": [5, 0],
      "10": [2],
      "11": [7, 7],
      "12": [7, 3],
      "13": [7, 7],
      "14": [5, 5, 5],
      "15": [0, 5],
      "16": [5, 5],
      "17": [5, 0],
      "18": [5, 3, 3],
      "19": [0, 3],
      "20": [3, 3]
    }
  },
  "/home/jaskaran/repos/enki-website/src/components/Checkout/Checkout.svelte": {
    "path": "/home/jaskaran/repos/enki-website/src/components/Checkout/Checkout.svelte",
    "statementMap": {
      "0": {
        "start": { "line": 5, "column": 19 },
        "end": { "line": 5, "column": null }
      },
      "1": {
        "start": { "line": 6, "column": 16 },
        "end": { "line": 6, "column": null }
      },
      "2": {
        "start": { "line": 7, "column": 15 },
        "end": { "line": 7, "column": null }
      },
      "3": {
        "start": { "line": 44, "column": 39 },
        "end": { "line": 44, "column": null }
      },
      "4": {
        "start": { "line": 1, "column": 102 },
        "end": { "line": 1, "column": 121 }
      },
      "5": {
        "start": { "line": 1, "column": 129 },
        "end": { "line": 1, "column": 139 }
      },
      "6": {
        "start": { "line": 1, "column": 159 },
        "end": { "line": 1, "column": 188 }
      },
      "7": {
        "start": { "line": 1, "column": 201 },
        "end": { "line": 1, "column": 226 }
      },
      "8": {
        "start": { "line": 1, "column": 226 },
        "end": { "line": 1, "column": null }
      },
      "9": {
        "start": { "line": 3, "column": 65 },
        "end": { "line": 3, "column": 69 }
      },
      "10": {
        "start": { "line": 3, "column": 78 },
        "end": { "line": 3, "column": 87 }
      },
      "11": {
        "start": { "line": 3, "column": 147 },
        "end": { "line": 3, "column": 178 }
      },
      "12": {
        "start": { "line": 3, "column": 193 },
        "end": { "line": 3, "column": 276 }
      },
      "13": {
        "start": { "line": 3, "column": 290 },
        "end": { "line": 3, "column": 363 }
      },
      "14": {
        "start": { "line": 3, "column": 363 },
        "end": { "line": 3, "column": null }
      },
      "15": {
        "start": { "line": 14, "column": 2 },
        "end": { "line": 14, "column": null }
      },
      "16": {
        "start": { "line": 19, "column": 14 },
        "end": { "line": 19, "column": 36 }
      },
      "17": {
        "start": { "line": 26, "column": 15 },
        "end": { "line": 26, "column": null }
      },
      "18": {
        "start": { "line": 27, "column": 4 },
        "end": { "line": 27, "column": null }
      },
      "19": {
        "start": { "line": 28, "column": 14 },
        "end": { "line": 29, "column": null }
      },
      "20": {
        "start": { "line": 35, "column": 6 },
        "end": { "line": 35, "column": null }
      },
      "21": {
        "start": { "line": 40, "column": 11 },
        "end": { "line": 40, "column": null }
      }
    },
    "fnMap": {},
    "branchMap": {},
    "s": {
      "0": 1,
      "1": 1,
      "2": 1,
      "3": 1,
      "4": 1,
      "5": 1,
      "6": 0,
      "7": 0,
      "8": 1,
      "9": 1,
      "10": 1,
      "11": 1,
      "12": 1,
      "13": 0,
      "14": 1,
      "15": 1,
      "16": 0,
      "17": 0,
      "18": 0,
      "19": 0,
      "20": 0,
      "21": 0
    },
    "f": {},
    "b": {}
  },
  "/home/jaskaran/repos/enki-website/src/components/ProductView/ProductView.svelte": {
    "path": "/home/jaskaran/repos/enki-website/src/components/ProductView/ProductView.svelte",
    "statementMap": {
      "0": {
        "start": { "line": 33, "column": 20 },
        "end": { "line": 33, "column": null }
      },
      "1": {
        "start": { "line": 34, "column": 22 },
        "end": { "line": 34, "column": null }
      },
      "2": {
        "start": { "line": 35, "column": 24 },
        "end": { "line": 35, "column": null }
      },
      "3": {
        "start": { "line": 66, "column": 9 },
        "end": { "line": 66, "column": null }
      },
      "4": {
        "start": { "line": 71, "column": 9 },
        "end": { "line": 71, "column": null }
      },
      "5": {
        "start": { "line": 67, "column": 13 },
        "end": { "line": 67, "column": null }
      },
      "6": {
        "start": { "line": 67, "column": 8 },
        "end": { "line": 67, "column": 12 }
      },
      "7": {
        "start": { "line": 72, "column": 40 },
        "end": { "line": 72, "column": null }
      },
      "8": {
        "start": { "line": 64, "column": 5 },
        "end": { "line": 64, "column": null }
      },
      "9": {
        "start": { "line": 4, "column": 6 },
        "end": { "line": 4, "column": null }
      },
      "10": {
        "start": { "line": 11, "column": 8 },
        "end": { "line": 11, "column": null }
      },
      "11": {
        "start": { "line": 13, "column": 8 },
        "end": { "line": 13, "column": null }
      },
      "12": {
        "start": { "line": 19, "column": 8 },
        "end": { "line": 19, "column": null }
      },
      "13": {
        "start": { "line": 21, "column": 8 },
        "end": { "line": 21, "column": null }
      },
      "14": {
        "start": { "line": 26, "column": 6 },
        "end": { "line": 26, "column": null }
      },
      "15": {
        "start": { "line": 29, "column": 4 },
        "end": { "line": 29, "column": null }
      },
      "16": {
        "start": { "line": 37, "column": 21 },
        "end": { "line": 37, "column": null }
      },
      "17": {
        "start": { "line": 38, "column": 21 },
        "end": { "line": 38, "column": null }
      },
      "18": {
        "start": { "line": 39, "column": 35 },
        "end": { "line": 39, "column": null }
      },
      "19": {
        "start": { "line": 40, "column": 14 },
        "end": { "line": 40, "column": null }
      },
      "20": {
        "start": { "line": 41, "column": 17 },
        "end": { "line": 41, "column": null }
      },
      "21": {
        "start": { "line": 44, "column": 15 },
        "end": { "line": 44, "column": null }
      },
      "22": {
        "start": { "line": 47, "column": 0 },
        "end": { "line": 47, "column": null }
      },
      "23": {
        "start": { "line": 47, "column": 1 },
        "end": { "line": 47, "column": null }
      },
      "24": {
        "start": { "line": 47, "column": 85 },
        "end": { "line": 47, "column": null }
      },
      "25": {
        "start": { "line": 53, "column": 8 },
        "end": { "line": 53, "column": 12 }
      },
      "26": {
        "start": { "line": 54, "column": 13 },
        "end": { "line": 54, "column": null }
      },
      "27": {
        "start": { "line": 59, "column": 8 },
        "end": { "line": 59, "column": 13 }
      },
      "28": {
        "start": { "line": 60, "column": 12 },
        "end": { "line": 60, "column": null }
      }
    },
    "fnMap": {
      "0": {
        "name": "(anonymous_58)",
        "decl": {
          "start": { "line": 47, "column": 81 },
          "end": { "line": 47, "column": 85 }
        },
        "loc": {
          "start": { "line": 47, "column": 85 },
          "end": { "line": 47, "column": null }
        }
      }
    },
    "branchMap": {
      "0": {
        "loc": {
          "start": { "line": 66, "column": 9 },
          "end": { "line": 66, "column": 29 }
        },
        "type": "binary-expr",
        "locations": [
          {
            "start": { "line": 66, "column": 9 },
            "end": { "line": 66, "column": 29 }
          },
          {
            "start": { "line": 66, "column": 29 },
            "end": { "line": 66, "column": null }
          }
        ]
      },
      "1": {
        "loc": {
          "start": { "line": 71, "column": 9 },
          "end": { "line": 71, "column": 26 }
        },
        "type": "binary-expr",
        "locations": [
          {
            "start": { "line": 71, "column": 9 },
            "end": { "line": 71, "column": 26 }
          },
          {
            "start": { "line": 71, "column": 26 },
            "end": { "line": 71, "column": null }
          }
        ]
      },
      "2": {
        "loc": {
          "start": { "line": 72, "column": 40 },
          "end": { "line": 72, "column": null }
        },
        "type": "if",
        "locations": [
          {
            "start": { "line": 72, "column": 40 },
            "end": { "line": 72, "column": null }
          },
          {
            "start": { "line": 72, "column": 40 },
            "end": { "line": 72, "column": null }
          }
        ]
      },
      "3": {
        "loc": {
          "start": { "line": 64, "column": 5 },
          "end": { "line": 64, "column": 19 }
        },
        "type": "binary-expr",
        "locations": [
          {
            "start": { "line": 64, "column": 5 },
            "end": { "line": 64, "column": 19 }
          },
          {
            "start": { "line": 64, "column": 19 },
            "end": { "line": 64, "column": 36 }
          },
          {
            "start": { "line": 64, "column": 36 },
            "end": { "line": 64, "column": null }
          }
        ]
      },
      "4": {
        "loc": {
          "start": { "line": 64, "column": 5 },
          "end": { "line": 64, "column": 19 }
        },
        "type": "binary-expr",
        "locations": [
          {
            "start": { "line": 64, "column": 5 },
            "end": { "line": 64, "column": 19 }
          },
          {
            "start": { "line": 64, "column": 19 },
            "end": { "line": 64, "column": 36 }
          }
        ]
      },
      "5": {
        "loc": {
          "start": { "line": 1, "column": 42 },
          "end": { "line": 1, "column": 46 }
        },
        "type": "binary-expr",
        "locations": [
          {
            "start": { "line": 1, "column": 42 },
            "end": { "line": 1, "column": 46 }
          },
          {
            "start": { "line": 1, "column": 50 },
            "end": { "line": 1, "column": 64 }
          }
        ]
      },
      "6": {
        "loc": {
          "start": { "line": 3, "column": 32 },
          "end": { "line": 3, "column": 37 }
        },
        "type": "cond-expr",
        "locations": [
          {
            "start": { "line": 3, "column": 32 },
            "end": { "line": 3, "column": 37 }
          }
        ]
      },
      "7": {
        "loc": {
          "start": { "line": 8, "column": 14 },
          "end": { "line": 8, "column": 15 }
        },
        "type": "binary-expr",
        "locations": [
          {
            "start": { "line": 8, "column": 14 },
            "end": { "line": 8, "column": 15 }
          },
          {
            "start": { "line": 8, "column": 20 },
            "end": { "line": 8, "column": 31 }
          }
        ]
      },
      "8": {
        "loc": {
          "start": { "line": 26, "column": 20 },
          "end": { "line": 26, "column": 44 }
        },
        "type": "cond-expr",
        "locations": [
          {
            "start": { "line": 26, "column": 20 },
            "end": { "line": 26, "column": 44 }
          },
          {
            "start": { "line": 26, "column": 44 },
            "end": { "line": 26, "column": null }
          }
        ]
      },
      "9": {
        "loc": {
          "start": { "line": 29, "column": 47 },
          "end": { "line": 29, "column": 57 }
        },
        "type": "binary-expr",
        "locations": [
          {
            "start": { "line": 29, "column": 47 },
            "end": { "line": 29, "column": 57 }
          },
          {
            "start": { "line": 29, "column": 57 },
            "end": { "line": 29, "column": 66 }
          }
        ]
      },
      "10": {
        "loc": {
          "start": { "line": 38, "column": 21 },
          "end": { "line": 38, "column": null }
        },
        "type": "default-arg",
        "locations": [
          {
            "start": { "line": 38, "column": 21 },
            "end": { "line": 38, "column": null }
          }
        ]
      },
      "11": {
        "loc": {
          "start": { "line": 39, "column": 30 },
          "end": { "line": 39, "column": 35 }
        },
        "type": "default-arg",
        "locations": [
          {
            "start": { "line": 39, "column": 30 },
            "end": { "line": 39, "column": 35 }
          }
        ]
      },
      "12": {
        "loc": {
          "start": { "line": 47, "column": 38 },
          "end": { "line": 47, "column": 42 }
        },
        "type": "cond-expr",
        "locations": [
          {
            "start": { "line": 47, "column": 38 },
            "end": { "line": 47, "column": 42 }
          },
          {
            "start": { "line": 47, "column": 45 },
            "end": { "line": 47, "column": null }
          }
        ]
      },
      "13": {
        "loc": {
          "start": { "line": 47, "column": 1 },
          "end": { "line": 47, "column": 14 }
        },
        "type": "binary-expr",
        "locations": [
          {
            "start": { "line": 47, "column": 1 },
            "end": { "line": 47, "column": 14 }
          },
          {
            "start": { "line": 47, "column": 18 },
            "end": { "line": 47, "column": 35 }
          }
        ]
      }
    },
    "s": {
      "0": 2,
      "1": 2,
      "2": 2,
      "3": 2,
      "4": 2,
      "5": 2,
      "6": 3,
      "7": 0,
      "8": 7,
      "9": 5,
      "10": 5,
      "11": 0,
      "12": 0,
      "13": 0,
      "14": 10,
      "15": 5,
      "16": 7,
      "17": 7,
      "18": 7,
      "19": 7,
      "20": 7,
      "21": 5,
      "22": 8,
      "23": 8,
      "24": 5,
      "25": 2,
      "26": 2,
      "27": 2,
      "28": 2
    },
    "f": { "0": 5 },
    "b": {
      "0": [2, 2],
      "1": [2, 0],
      "2": [0, 0],
      "3": [7, 6, 1],
      "4": [1, 1],
      "5": [7, 0],
      "6": [0],
      "7": [5, 5],
      "8": [5, 5],
      "9": [5, 5],
      "10": [6],
      "11": [7],
      "12": [3, 5],
      "13": [8, 7]
    }
  },
  "/home/jaskaran/repos/enki-website/src/components/RootCategories/RootCategories.svelte": {
    "path": "/home/jaskaran/repos/enki-website/src/components/RootCategories/RootCategories.svelte",
    "statementMap": {
      "0": {
        "start": { "line": 33, "column": 13 },
        "end": { "line": 33, "column": null }
      },
      "1": {
        "start": { "line": 34, "column": 16 },
        "end": { "line": 34, "column": null }
      },
      "2": {
        "start": { "line": 35, "column": 19 },
        "end": { "line": 35, "column": null }
      },
      "3": {
        "start": { "line": 36, "column": 26 },
        "end": { "line": 36, "column": null }
      },
      "4": {
        "start": { "line": 37, "column": 21 },
        "end": { "line": 37, "column": null }
      },
      "5": {
        "start": { "line": 63, "column": 5 },
        "end": { "line": 63, "column": null }
      },
      "6": {
        "start": { "line": 63, "column": 18 },
        "end": { "line": 63, "column": null }
      },
      "7": {
        "start": { "line": 56, "column": 7 },
        "end": { "line": 56, "column": null }
      },
      "8": {
        "start": { "line": 56, "column": 2 },
        "end": { "line": 56, "column": 6 }
      },
      "9": {
        "start": { "line": 56, "column": 2 },
        "end": { "line": 56, "column": 7 }
      },
      "10": {
        "start": { "line": 4, "column": 6 },
        "end": { "line": 4, "column": null }
      },
      "11": {
        "start": { "line": 11, "column": 8 },
        "end": { "line": 11, "column": null }
      },
      "12": {
        "start": { "line": 13, "column": 8 },
        "end": { "line": 13, "column": null }
      },
      "13": {
        "start": { "line": 19, "column": 8 },
        "end": { "line": 19, "column": null }
      },
      "14": {
        "start": { "line": 21, "column": 8 },
        "end": { "line": 21, "column": null }
      },
      "15": {
        "start": { "line": 26, "column": 6 },
        "end": { "line": 26, "column": null }
      },
      "16": {
        "start": { "line": 29, "column": 4 },
        "end": { "line": 29, "column": null }
      },
      "17": {
        "start": { "line": 39, "column": 8 },
        "end": { "line": 39, "column": null }
      },
      "18": {
        "start": { "line": 41, "column": 22 },
        "end": { "line": 41, "column": null }
      },
      "19": {
        "start": { "line": 41, "column": 30 },
        "end": { "line": 41, "column": null }
      },
      "20": {
        "start": { "line": 41, "column": 50 },
        "end": { "line": 41, "column": 74 }
      },
      "21": {
        "start": { "line": 45, "column": 12 },
        "end": { "line": 45, "column": null }
      },
      "22": {
        "start": { "line": 46, "column": 2 },
        "end": { "line": 46, "column": null }
      },
      "23": {
        "start": { "line": 59, "column": 6 },
        "end": { "line": 59, "column": null }
      },
      "24": {
        "start": { "line": 60, "column": 6 },
        "end": { "line": 60, "column": null }
      }
    },
    "fnMap": {
      "0": {
        "name": "(anonymous_30)",
        "decl": {
          "start": { "line": 41, "column": 22 },
          "end": { "line": 41, "column": 26 }
        },
        "loc": {
          "start": { "line": 41, "column": 30 },
          "end": { "line": 41, "column": null }
        }
      },
      "1": {
        "name": "(anonymous_31)",
        "decl": {
          "start": { "line": 41, "column": 39 },
          "end": { "line": 41, "column": 41 }
        },
        "loc": {
          "start": { "line": 41, "column": 50 },
          "end": { "line": 41, "column": 74 }
        }
      }
    },
    "branchMap": {
      "0": {
        "loc": {
          "start": { "line": 63, "column": 5 },
          "end": { "line": 63, "column": null }
        },
        "type": "if",
        "locations": [
          {
            "start": { "line": 63, "column": 5 },
            "end": { "line": 63, "column": null }
          },
          {
            "start": { "line": 63, "column": 5 },
            "end": { "line": 63, "column": null }
          }
        ]
      },
      "1": {
        "loc": {
          "start": { "line": 63, "column": 5 },
          "end": { "line": 63, "column": 13 }
        },
        "type": "binary-expr",
        "locations": [
          {
            "start": { "line": 63, "column": 5 },
            "end": { "line": 63, "column": 13 }
          },
          {
            "start": { "line": 63, "column": 5 },
            "end": { "line": 63, "column": null }
          }
        ]
      },
      "2": {
        "loc": {
          "start": { "line": 1, "column": 42 },
          "end": { "line": 1, "column": 46 }
        },
        "type": "binary-expr",
        "locations": [
          {
            "start": { "line": 1, "column": 42 },
            "end": { "line": 1, "column": 46 }
          },
          {
            "start": { "line": 1, "column": 50 },
            "end": { "line": 1, "column": 64 }
          }
        ]
      },
      "3": {
        "loc": {
          "start": { "line": 3, "column": 32 },
          "end": { "line": 3, "column": 37 }
        },
        "type": "cond-expr",
        "locations": [
          {
            "start": { "line": 3, "column": 32 },
            "end": { "line": 3, "column": 37 }
          }
        ]
      },
      "4": {
        "loc": {
          "start": { "line": 8, "column": 14 },
          "end": { "line": 8, "column": 15 }
        },
        "type": "binary-expr",
        "locations": [
          {
            "start": { "line": 8, "column": 14 },
            "end": { "line": 8, "column": 15 }
          },
          {
            "start": { "line": 8, "column": 20 },
            "end": { "line": 8, "column": 31 }
          }
        ]
      },
      "5": {
        "loc": {
          "start": { "line": 26, "column": 20 },
          "end": { "line": 26, "column": 44 }
        },
        "type": "cond-expr",
        "locations": [
          {
            "start": { "line": 26, "column": 20 },
            "end": { "line": 26, "column": 44 }
          },
          {
            "start": { "line": 26, "column": 44 },
            "end": { "line": 26, "column": null }
          }
        ]
      },
      "6": {
        "loc": {
          "start": { "line": 29, "column": 47 },
          "end": { "line": 29, "column": 57 }
        },
        "type": "binary-expr",
        "locations": [
          {
            "start": { "line": 29, "column": 47 },
            "end": { "line": 29, "column": 57 }
          },
          {
            "start": { "line": 29, "column": 57 },
            "end": { "line": 29, "column": 66 }
          }
        ]
      },
      "7": {
        "loc": {
          "start": { "line": 41, "column": 65 },
          "end": { "line": 41, "column": 70 }
        },
        "type": "cond-expr",
        "locations": [
          {
            "start": { "line": 41, "column": 65 },
            "end": { "line": 41, "column": 70 }
          },
          {
            "start": { "line": 41, "column": 73 },
            "end": { "line": 41, "column": 74 }
          }
        ]
      }
    },
    "s": {
      "0": 1,
      "1": 1,
      "2": 1,
      "3": 1,
      "4": 1,
      "5": 3,
      "6": 0,
      "7": 8,
      "8": 4,
      "9": 4,
      "10": 4,
      "11": 4,
      "12": 0,
      "13": 0,
      "14": 0,
      "15": 8,
      "16": 4,
      "17": 4,
      "18": 4,
      "19": 4,
      "20": 1,
      "21": 4,
      "22": 4,
      "23": 0,
      "24": 0
    },
    "f": { "0": 4, "1": 1 },
    "b": {
      "0": [0, 0],
      "1": [0, 0],
      "2": [4, 0],
      "3": [0],
      "4": [4, 4],
      "5": [4, 4],
      "6": [4, 4],
      "7": [1, 0]
    }
  },
  "/home/jaskaran/repos/enki-website/src/components/SingleProduct/SingleProduct.svelte": {
    "path": "/home/jaskaran/repos/enki-website/src/components/SingleProduct/SingleProduct.svelte",
    "statementMap": {
      "0": {
        "start": { "line": 1, "column": 44 },
        "end": { "line": 1, "column": null }
      },
      "1": {
        "start": { "line": 2, "column": 18 },
        "end": { "line": 2, "column": null }
      },
      "2": {
        "start": { "line": 9, "column": 9 },
        "end": { "line": 9, "column": null }
      },
      "3": {
        "start": { "line": 9, "column": 25 },
        "end": { "line": 9, "column": null }
      },
      "4": {
        "start": { "line": 34, "column": 22 },
        "end": { "line": 34, "column": null }
      },
      "5": {
        "start": { "line": 33, "column": 28 },
        "end": { "line": 33, "column": null }
      },
      "6": {
        "start": { "line": 29, "column": 12 },
        "end": { "line": 29, "column": null }
      },
      "7": {
        "start": { "line": 25, "column": 39 },
        "end": { "line": 25, "column": null }
      },
      "8": {
        "start": { "line": 25, "column": 49 },
        "end": { "line": 25, "column": null }
      },
      "9": {
        "start": { "line": 26, "column": 16 },
        "end": { "line": 26, "column": null }
      },
      "10": {
        "start": { "line": 28, "column": 24 },
        "end": { "line": 28, "column": null }
      },
      "11": {
        "start": { "line": 29, "column": 92 },
        "end": { "line": 29, "column": null }
      },
      "12": {
        "start": { "line": 20, "column": 14 },
        "end": { "line": 20, "column": null }
      },
      "13": {
        "start": { "line": 21, "column": 14 },
        "end": { "line": 21, "column": null }
      },
      "14": {
        "start": { "line": 22, "column": 14 },
        "end": { "line": 22, "column": null }
      },
      "15": {
        "start": { "line": 10, "column": 11 },
        "end": { "line": 10, "column": null }
      },
      "16": {
        "start": { "line": 20, "column": 43 },
        "end": { "line": 20, "column": null }
      },
      "17": {
        "start": { "line": 21, "column": 33 },
        "end": { "line": 21, "column": null }
      },
      "18": {
        "start": { "line": 22, "column": 58 },
        "end": { "line": 22, "column": null }
      },
      "19": {
        "start": { "line": 11, "column": 15 },
        "end": { "line": 11, "column": 36 }
      },
      "20": {
        "start": { "line": 11, "column": 48 },
        "end": { "line": 11, "column": null }
      },
      "21": {
        "start": { "line": 11, "column": 10 },
        "end": { "line": 11, "column": 14 }
      },
      "22": {
        "start": { "line": 13, "column": 43 },
        "end": { "line": 13, "column": null }
      },
      "23": {
        "start": { "line": 13, "column": 60 },
        "end": { "line": 13, "column": null }
      },
      "24": {
        "start": { "line": 14, "column": 20 },
        "end": { "line": 15, "column": null }
      },
      "25": {
        "start": { "line": 7, "column": 5 },
        "end": { "line": 7, "column": null }
      },
      "26": {
        "start": { "line": 4, "column": 18 },
        "end": { "line": 4, "column": null }
      },
      "27": {
        "start": { "line": 5, "column": 35 },
        "end": { "line": 5, "column": null }
      }
    },
    "fnMap": {
      "0": {
        "name": "(anonymous_23)",
        "decl": {
          "start": { "line": 11, "column": 48 },
          "end": { "line": 11, "column": 51 }
        },
        "loc": {
          "start": { "line": 11, "column": 48 },
          "end": { "line": 11, "column": null }
        }
      }
    },
    "branchMap": {
      "0": {
        "loc": {
          "start": { "line": 9, "column": 9 },
          "end": { "line": 9, "column": null }
        },
        "type": "if",
        "locations": [
          {
            "start": { "line": 9, "column": 9 },
            "end": { "line": 9, "column": null }
          },
          {
            "start": { "line": 9, "column": 9 },
            "end": { "line": 9, "column": null }
          }
        ]
      },
      "1": {
        "loc": {
          "start": { "line": 34, "column": 22 },
          "end": { "line": 34, "column": null }
        },
        "type": "if",
        "locations": [
          {
            "start": { "line": 34, "column": 22 },
            "end": { "line": 34, "column": null }
          },
          {
            "start": { "line": 34, "column": 22 },
            "end": { "line": 34, "column": null }
          }
        ]
      },
      "2": {
        "loc": {
          "start": { "line": 33, "column": 28 },
          "end": { "line": 33, "column": null }
        },
        "type": "if",
        "locations": [
          {
            "start": { "line": 33, "column": 28 },
            "end": { "line": 33, "column": null }
          },
          {
            "start": { "line": 33, "column": 28 },
            "end": { "line": 33, "column": null }
          }
        ]
      },
      "3": {
        "loc": {
          "start": { "line": 25, "column": 39 },
          "end": { "line": 25, "column": null }
        },
        "type": "if",
        "locations": [
          {
            "start": { "line": 25, "column": 39 },
            "end": { "line": 25, "column": null }
          },
          {
            "start": { "line": 25, "column": 39 },
            "end": { "line": 25, "column": null }
          }
        ]
      },
      "4": {
        "loc": {
          "start": { "line": 28, "column": 24 },
          "end": { "line": 28, "column": null }
        },
        "type": "if",
        "locations": [
          {
            "start": { "line": 28, "column": 24 },
            "end": { "line": 28, "column": null }
          },
          {
            "start": { "line": 28, "column": 24 },
            "end": { "line": 28, "column": null }
          }
        ]
      },
      "5": {
        "loc": {
          "start": { "line": 25, "column": 39 },
          "end": { "line": 25, "column": 46 }
        },
        "type": "binary-expr",
        "locations": [
          {
            "start": { "line": 25, "column": 39 },
            "end": { "line": 25, "column": 46 }
          },
          {
            "start": { "line": 25, "column": 39 },
            "end": { "line": 25, "column": null }
          }
        ]
      },
      "6": {
        "loc": {
          "start": { "line": 26, "column": 16 },
          "end": { "line": 26, "column": 23 }
        },
        "type": "binary-expr",
        "locations": [
          {
            "start": { "line": 26, "column": 16 },
            "end": { "line": 26, "column": 23 }
          },
          {
            "start": { "line": 26, "column": 16 },
            "end": { "line": 26, "column": null }
          }
        ]
      },
      "7": {
        "loc": {
          "start": { "line": 29, "column": 12 },
          "end": { "line": 29, "column": null }
        },
        "type": "if",
        "locations": [
          {
            "start": { "line": 29, "column": 12 },
            "end": { "line": 29, "column": null }
          },
          {
            "start": { "line": 29, "column": 12 },
            "end": { "line": 29, "column": null }
          }
        ]
      },
      "8": {
        "loc": {
          "start": { "line": 29, "column": 12 },
          "end": { "line": 29, "column": 19 }
        },
        "type": "binary-expr",
        "locations": [
          {
            "start": { "line": 29, "column": 12 },
            "end": { "line": 29, "column": 19 }
          },
          {
            "start": { "line": 29, "column": 12 },
            "end": { "line": 29, "column": null }
          }
        ]
      },
      "9": {
        "loc": {
          "start": { "line": 10, "column": 11 },
          "end": { "line": 10, "column": 32 }
        },
        "type": "binary-expr",
        "locations": [
          {
            "start": { "line": 10, "column": 11 },
            "end": { "line": 10, "column": 32 }
          },
          {
            "start": { "line": 10, "column": 32 },
            "end": { "line": 10, "column": null }
          }
        ]
      },
      "10": {
        "loc": {
          "start": { "line": 20, "column": 14 },
          "end": { "line": 20, "column": null }
        },
        "type": "if",
        "locations": [
          {
            "start": { "line": 20, "column": 14 },
            "end": { "line": 20, "column": null }
          },
          {
            "start": { "line": 20, "column": 14 },
            "end": { "line": 20, "column": null }
          }
        ]
      },
      "11": {
        "loc": {
          "start": { "line": 20, "column": 14 },
          "end": { "line": 20, "column": 21 }
        },
        "type": "binary-expr",
        "locations": [
          {
            "start": { "line": 20, "column": 14 },
            "end": { "line": 20, "column": 21 }
          },
          {
            "start": { "line": 20, "column": 14 },
            "end": { "line": 20, "column": null }
          }
        ]
      },
      "12": {
        "loc": {
          "start": { "line": 21, "column": 14 },
          "end": { "line": 21, "column": null }
        },
        "type": "if",
        "locations": [
          {
            "start": { "line": 21, "column": 14 },
            "end": { "line": 21, "column": null }
          },
          {
            "start": { "line": 21, "column": 14 },
            "end": { "line": 21, "column": null }
          }
        ]
      },
      "13": {
        "loc": {
          "start": { "line": 21, "column": 14 },
          "end": { "line": 21, "column": 21 }
        },
        "type": "binary-expr",
        "locations": [
          {
            "start": { "line": 21, "column": 14 },
            "end": { "line": 21, "column": 21 }
          },
          {
            "start": { "line": 21, "column": 14 },
            "end": { "line": 21, "column": null }
          }
        ]
      },
      "14": {
        "loc": {
          "start": { "line": 22, "column": 14 },
          "end": { "line": 22, "column": null }
        },
        "type": "if",
        "locations": [
          {
            "start": { "line": 22, "column": 14 },
            "end": { "line": 22, "column": null }
          },
          {
            "start": { "line": 22, "column": 14 },
            "end": { "line": 22, "column": null }
          }
        ]
      },
      "15": {
        "loc": {
          "start": { "line": 22, "column": 14 },
          "end": { "line": 22, "column": 21 }
        },
        "type": "binary-expr",
        "locations": [
          {
            "start": { "line": 22, "column": 14 },
            "end": { "line": 22, "column": 21 }
          },
          {
            "start": { "line": 22, "column": 14 },
            "end": { "line": 22, "column": null }
          }
        ]
      },
      "16": {
        "loc": {
          "start": { "line": 13, "column": 43 },
          "end": { "line": 13, "column": null }
        },
        "type": "if",
        "locations": [
          {
            "start": { "line": 13, "column": 43 },
            "end": { "line": 13, "column": null }
          },
          {
            "start": { "line": 13, "column": 43 },
            "end": { "line": 13, "column": null }
          }
        ]
      },
      "17": {
        "loc": {
          "start": { "line": 13, "column": 43 },
          "end": { "line": 13, "column": 50 }
        },
        "type": "binary-expr",
        "locations": [
          {
            "start": { "line": 13, "column": 43 },
            "end": { "line": 13, "column": 50 }
          },
          {
            "start": { "line": 13, "column": 43 },
            "end": { "line": 13, "column": null }
          }
        ]
      },
      "18": {
        "loc": {
          "start": { "line": 14, "column": 20 },
          "end": { "line": 14, "column": 27 }
        },
        "type": "binary-expr",
        "locations": [
          {
            "start": { "line": 14, "column": 20 },
            "end": { "line": 14, "column": 27 }
          },
          {
            "start": { "line": 14, "column": 20 },
            "end": { "line": 15, "column": null }
          }
        ]
      },
      "19": {
        "loc": {
          "start": { "line": 7, "column": 5 },
          "end": { "line": 7, "column": null }
        },
        "type": "binary-expr",
        "locations": [
          {
            "start": { "line": 7, "column": 5 },
            "end": { "line": 7, "column": null }
          },
          {
            "start": { "line": 7, "column": 12 },
            "end": { "line": 7, "column": null }
          }
        ]
      },
      "20": {
        "loc": {
          "start": { "line": 5, "column": 30 },
          "end": { "line": 5, "column": 35 }
        },
        "type": "default-arg",
        "locations": [
          {
            "start": { "line": 5, "column": 30 },
            "end": { "line": 5, "column": 35 }
          }
        ]
      }
    },
    "s": {
      "0": 3,
      "1": 3,
      "2": 5,
      "3": 2,
      "4": 0,
      "5": 0,
      "6": 3,
      "7": 3,
      "8": 3,
      "9": 3,
      "10": 0,
      "11": 0,
      "12": 2,
      "13": 2,
      "14": 2,
      "15": 2,
      "16": 0,
      "17": 0,
      "18": 0,
      "19": 1,
      "20": 5,
      "21": 1,
      "22": 2,
      "23": 2,
      "24": 2,
      "25": 6,
      "26": 6,
      "27": 6
    },
    "f": { "0": 4 },
    "b": {
      "0": [2, 3],
      "1": [0, 0],
      "2": [0, 0],
      "3": [3, 0],
      "4": [0, 0],
      "5": [0, 0],
      "6": [0, 0],
      "7": [0, 0],
      "8": [0, 0],
      "9": [2, 1],
      "10": [0, 0],
      "11": [0, 0],
      "12": [0, 0],
      "13": [0, 0],
      "14": [0, 0],
      "15": [0, 0],
      "16": [2, 0],
      "17": [0, 0],
      "18": [0, 0],
      "19": [6, 5],
      "20": [2]
    }
  },
  "/home/jaskaran/repos/enki-website/src/components/VariantProducts/VariantProducts.svelte": {
    "path": "/home/jaskaran/repos/enki-website/src/components/VariantProducts/VariantProducts.svelte",
    "statementMap": {
      "0": {
        "start": { "line": 1, "column": 40 },
        "end": { "line": 1, "column": null }
      },
      "1": {
        "start": { "line": 2, "column": 20 },
        "end": { "line": 2, "column": null }
      },
      "2": {
        "start": { "line": 13, "column": 11 },
        "end": { "line": 13, "column": null }
      },
      "3": {
        "start": { "line": 13, "column": 6 },
        "end": { "line": 13, "column": 10 }
      },
      "4": {
        "start": { "line": 13, "column": 6 },
        "end": { "line": 13, "column": 11 }
      },
      "5": {
        "start": { "line": 16, "column": 35 },
        "end": { "line": 16, "column": null }
      },
      "6": {
        "start": { "line": 16, "column": 25 },
        "end": { "line": 16, "column": 35 }
      },
      "7": {
        "start": { "line": 16, "column": 47 },
        "end": { "line": 16, "column": null }
      },
      "8": {
        "start": { "line": 15, "column": 15 },
        "end": { "line": 15, "column": null }
      },
      "9": {
        "start": { "line": 15, "column": 10 },
        "end": { "line": 15, "column": 14 }
      },
      "10": {
        "start": { "line": 14, "column": 26 },
        "end": { "line": 14, "column": null }
      },
      "11": {
        "start": { "line": 14, "column": 41 },
        "end": { "line": 14, "column": null }
      },
      "12": {
        "start": { "line": 15, "column": 10 },
        "end": { "line": 15, "column": 15 }
      },
      "13": {
        "start": { "line": 22, "column": 28 },
        "end": { "line": 22, "column": null }
      },
      "14": {
        "start": { "line": 12, "column": 7 },
        "end": { "line": 12, "column": null }
      },
      "15": {
        "start": { "line": 21, "column": 7 },
        "end": { "line": 21, "column": null }
      },
      "16": {
        "start": { "line": 4, "column": 26 },
        "end": { "line": 4, "column": null }
      },
      "17": {
        "start": { "line": 5, "column": 35 },
        "end": { "line": 5, "column": null }
      },
      "18": {
        "start": { "line": 6, "column": 22 },
        "end": { "line": 6, "column": null }
      },
      "19": {
        "start": { "line": 9, "column": 0 },
        "end": { "line": 9, "column": null }
      },
      "20": {
        "start": { "line": 9, "column": 1 },
        "end": { "line": 9, "column": null }
      }
    },
    "fnMap": {
      "0": {
        "name": "(anonymous_15)",
        "decl": {
          "start": { "line": 14, "column": 41 },
          "end": { "line": 14, "column": null }
        },
        "loc": {
          "start": { "line": 14, "column": 41 },
          "end": { "line": 14, "column": null }
        }
      }
    },
    "branchMap": {
      "0": {
        "loc": {
          "start": { "line": 16, "column": 35 },
          "end": { "line": 16, "column": null }
        },
        "type": "if",
        "locations": [
          {
            "start": { "line": 16, "column": 35 },
            "end": { "line": 16, "column": null }
          },
          {
            "start": { "line": 16, "column": 35 },
            "end": { "line": 16, "column": null }
          }
        ]
      },
      "1": {
        "loc": {
          "start": { "line": 16, "column": 35 },
          "end": { "line": 16, "column": 42 }
        },
        "type": "binary-expr",
        "locations": [
          {
            "start": { "line": 16, "column": 35 },
            "end": { "line": 16, "column": 42 }
          },
          {
            "start": { "line": 16, "column": 35 },
            "end": { "line": 16, "column": null }
          }
        ]
      },
      "2": {
        "loc": {
          "start": { "line": 16, "column": 25 },
          "end": { "line": 16, "column": 32 }
        },
        "type": "binary-expr",
        "locations": [
          {
            "start": { "line": 16, "column": 25 },
            "end": { "line": 16, "column": 32 }
          },
          {
            "start": { "line": 16, "column": 25 },
            "end": { "line": 16, "column": 35 }
          }
        ]
      },
      "3": {
        "loc": {
          "start": { "line": 14, "column": 26 },
          "end": { "line": 14, "column": null }
        },
        "type": "if",
        "locations": [
          {
            "start": { "line": 14, "column": 26 },
            "end": { "line": 14, "column": null }
          },
          {
            "start": { "line": 14, "column": 26 },
            "end": { "line": 14, "column": null }
          }
        ]
      },
      "4": {
        "loc": {
          "start": { "line": 22, "column": 28 },
          "end": { "line": 22, "column": null }
        },
        "type": "if",
        "locations": [
          {
            "start": { "line": 22, "column": 28 },
            "end": { "line": 22, "column": null }
          },
          {
            "start": { "line": 22, "column": 28 },
            "end": { "line": 22, "column": null }
          }
        ]
      },
      "5": {
        "loc": {
          "start": { "line": 12, "column": 7 },
          "end": { "line": 12, "column": null }
        },
        "type": "binary-expr",
        "locations": [
          {
            "start": { "line": 12, "column": 7 },
            "end": { "line": 12, "column": null }
          },
          {
            "start": { "line": 12, "column": 23 },
            "end": { "line": 12, "column": null }
          }
        ]
      },
      "6": {
        "loc": {
          "start": { "line": 21, "column": 7 },
          "end": { "line": 21, "column": null }
        },
        "type": "binary-expr",
        "locations": [
          {
            "start": { "line": 21, "column": 7 },
            "end": { "line": 21, "column": null }
          },
          {
            "start": { "line": 21, "column": 22 },
            "end": { "line": 21, "column": null }
          }
        ]
      },
      "7": {
        "loc": {
          "start": { "line": 5, "column": 30 },
          "end": { "line": 5, "column": 35 }
        },
        "type": "default-arg",
        "locations": [
          {
            "start": { "line": 5, "column": 30 },
            "end": { "line": 5, "column": 35 }
          }
        ]
      }
    },
    "s": {
      "0": 2,
      "1": 2,
      "2": 0,
      "3": 0,
      "4": 0,
      "5": 0,
      "6": 0,
      "7": 0,
      "8": 0,
      "9": 0,
      "10": 0,
      "11": 0,
      "12": 0,
      "13": 0,
      "14": 0,
      "15": 0,
      "16": 0,
      "17": 0,
      "18": 0,
      "19": 0,
      "20": 0
    },
    "f": { "0": 0 },
    "b": {
      "0": [0, 0],
      "1": [0, 0],
      "2": [0, 0],
      "3": [0, 0],
      "4": [0, 0],
      "5": [0, 0],
      "6": [0, 0],
      "7": [0]
    }
  },
  "/home/jaskaran/repos/enki-website/src/libs/requests.ts": {
    "path": "/home/jaskaran/repos/enki-website/src/libs/requests.ts",
    "statementMap": {
      "0": {
        "start": { "line": 1, "column": 0 },
        "end": { "line": 1, "column": 42 }
      },
      "1": {
        "start": { "line": 2, "column": 0 },
        "end": { "line": 2, "column": 43 }
      },
      "2": {
        "start": { "line": 3, "column": 0 },
        "end": { "line": 3, "column": 36 }
      },
      "3": {
        "start": { "line": 12, "column": 24 },
        "end": { "line": 22, "column": 8 }
      },
      "4": {
        "start": { "line": 15, "column": 2 },
        "end": { "line": 22, "column": 8 }
      },
      "5": {
        "start": { "line": 17, "column": 6 },
        "end": { "line": 19, "column": null }
      },
      "6": {
        "start": { "line": 18, "column": 14 },
        "end": { "line": 18, "column": 27 }
      },
      "7": {
        "start": { "line": 19, "column": 14 },
        "end": { "line": 19, "column": 50 }
      },
      "8": {
        "start": { "line": 21, "column": 23 },
        "end": { "line": 21, "column": 41 }
      },
      "9": {
        "start": { "line": 24, "column": 31 },
        "end": { "line": 26, "column": 78 }
      },
      "10": {
        "start": { "line": 26, "column": 39 },
        "end": { "line": 26, "column": 78 }
      },
      "11": {
        "start": { "line": 24, "column": 13 },
        "end": { "line": 24, "column": 31 }
      },
      "12": {
        "start": { "line": 28, "column": 31 },
        "end": { "line": 29, "column": 45 }
      },
      "13": {
        "start": { "line": 29, "column": 2 },
        "end": { "line": 29, "column": 45 }
      },
      "14": {
        "start": { "line": 28, "column": 13 },
        "end": { "line": 28, "column": 31 }
      },
      "15": {
        "start": { "line": 31, "column": 33 },
        "end": { "line": 32, "column": 48 }
      },
      "16": {
        "start": { "line": 32, "column": 2 },
        "end": { "line": 32, "column": 48 }
      },
      "17": {
        "start": { "line": 31, "column": 13 },
        "end": { "line": 31, "column": 33 }
      },
      "18": {
        "start": { "line": 34, "column": 27 },
        "end": { "line": 35, "column": 42 }
      },
      "19": {
        "start": { "line": 35, "column": 2 },
        "end": { "line": 35, "column": 42 }
      },
      "20": {
        "start": { "line": 34, "column": 13 },
        "end": { "line": 34, "column": 27 }
      },
      "21": {
        "start": { "line": 37, "column": 52 },
        "end": { "line": 39, "column": 75 }
      },
      "22": {
        "start": { "line": 39, "column": 39 },
        "end": { "line": 39, "column": 75 }
      },
      "23": {
        "start": { "line": 39, "column": 64 },
        "end": { "line": 39, "column": 74 }
      },
      "24": {
        "start": { "line": 41, "column": 55 },
        "end": { "line": 43, "column": 74 }
      },
      "25": {
        "start": { "line": 43, "column": 38 },
        "end": { "line": 43, "column": 74 }
      },
      "26": {
        "start": { "line": 43, "column": 63 },
        "end": { "line": 43, "column": 73 }
      },
      "27": {
        "start": { "line": 45, "column": 59 },
        "end": { "line": 47, "column": 75 }
      },
      "28": {
        "start": { "line": 47, "column": 39 },
        "end": { "line": 47, "column": 75 }
      },
      "29": {
        "start": { "line": 47, "column": 64 },
        "end": { "line": 47, "column": 74 }
      },
      "30": {
        "start": { "line": 49, "column": 48 },
        "end": { "line": 51, "column": 70 }
      },
      "31": {
        "start": { "line": 51, "column": 34 },
        "end": { "line": 51, "column": 70 }
      },
      "32": {
        "start": { "line": 51, "column": 59 },
        "end": { "line": 51, "column": 69 }
      }
    },
    "fnMap": {
      "0": {
        "name": "(anonymous_6)",
        "decl": {
          "start": { "line": 12, "column": 24 },
          "end": { "line": 12, "column": 28 }
        },
        "loc": {
          "start": { "line": 15, "column": 2 },
          "end": { "line": 22, "column": 8 }
        }
      },
      "1": {
        "name": "(anonymous_7)",
        "decl": {
          "start": { "line": 16, "column": 4 },
          "end": { "line": 16, "column": 5 }
        },
        "loc": {
          "start": { "line": 17, "column": 6 },
          "end": { "line": 19, "column": null }
        }
      },
      "2": {
        "name": "(anonymous_8)",
        "decl": {
          "start": { "line": 18, "column": 8 },
          "end": { "line": 18, "column": 11 }
        },
        "loc": {
          "start": { "line": 18, "column": 14 },
          "end": { "line": 18, "column": 27 }
        }
      },
      "3": {
        "name": "(anonymous_9)",
        "decl": {
          "start": { "line": 19, "column": 8 },
          "end": { "line": 19, "column": 11 }
        },
        "loc": {
          "start": { "line": 19, "column": 14 },
          "end": { "line": 19, "column": 50 }
        }
      },
      "4": {
        "name": "(anonymous_10)",
        "decl": {
          "start": { "line": 21, "column": 17 },
          "end": { "line": 21, "column": 20 }
        },
        "loc": {
          "start": { "line": 21, "column": 23 },
          "end": { "line": 21, "column": 41 }
        }
      },
      "5": {
        "name": "(anonymous_11)",
        "decl": {
          "start": { "line": 24, "column": 31 },
          "end": { "line": 24, "column": 36 }
        },
        "loc": {
          "start": { "line": 26, "column": 39 },
          "end": { "line": 26, "column": 78 }
        }
      },
      "6": {
        "name": "(anonymous_12)",
        "decl": {
          "start": { "line": 28, "column": 31 },
          "end": { "line": 28, "column": 36 }
        },
        "loc": {
          "start": { "line": 29, "column": 2 },
          "end": { "line": 29, "column": 45 }
        }
      },
      "7": {
        "name": "(anonymous_13)",
        "decl": {
          "start": { "line": 31, "column": 33 },
          "end": { "line": 31, "column": 38 }
        },
        "loc": {
          "start": { "line": 32, "column": 2 },
          "end": { "line": 32, "column": 48 }
        }
      },
      "8": {
        "name": "(anonymous_14)",
        "decl": {
          "start": { "line": 34, "column": 27 },
          "end": { "line": 34, "column": 32 }
        },
        "loc": {
          "start": { "line": 35, "column": 2 },
          "end": { "line": 35, "column": 42 }
        }
      },
      "9": {
        "name": "(anonymous_15)",
        "decl": {
          "start": { "line": 37, "column": 52 },
          "end": { "line": 37, "column": null }
        },
        "loc": {
          "start": { "line": 39, "column": 39 },
          "end": { "line": 39, "column": 75 }
        }
      },
      "10": {
        "name": "(anonymous_16)",
        "decl": {
          "start": { "line": 39, "column": 55 },
          "end": { "line": 39, "column": 56 }
        },
        "loc": {
          "start": { "line": 39, "column": 64 },
          "end": { "line": 39, "column": 74 }
        }
      },
      "11": {
        "name": "(anonymous_17)",
        "decl": {
          "start": { "line": 41, "column": 55 },
          "end": { "line": 41, "column": null }
        },
        "loc": {
          "start": { "line": 43, "column": 38 },
          "end": { "line": 43, "column": 74 }
        }
      },
      "12": {
        "name": "(anonymous_18)",
        "decl": {
          "start": { "line": 43, "column": 54 },
          "end": { "line": 43, "column": 55 }
        },
        "loc": {
          "start": { "line": 43, "column": 63 },
          "end": { "line": 43, "column": 73 }
        }
      },
      "13": {
        "name": "(anonymous_19)",
        "decl": {
          "start": { "line": 45, "column": 59 },
          "end": { "line": 45, "column": null }
        },
        "loc": {
          "start": { "line": 47, "column": 39 },
          "end": { "line": 47, "column": 75 }
        }
      },
      "14": {
        "name": "(anonymous_20)",
        "decl": {
          "start": { "line": 47, "column": 55 },
          "end": { "line": 47, "column": 56 }
        },
        "loc": {
          "start": { "line": 47, "column": 64 },
          "end": { "line": 47, "column": 74 }
        }
      },
      "15": {
        "name": "(anonymous_21)",
        "decl": {
          "start": { "line": 49, "column": 48 },
          "end": { "line": 49, "column": null }
        },
        "loc": {
          "start": { "line": 51, "column": 34 },
          "end": { "line": 51, "column": 70 }
        }
      },
      "16": {
        "name": "(anonymous_22)",
        "decl": {
          "start": { "line": 51, "column": 50 },
          "end": { "line": 51, "column": 51 }
        },
        "loc": {
          "start": { "line": 51, "column": 59 },
          "end": { "line": 51, "column": 69 }
        }
      }
    },
    "branchMap": {},
    "s": {
      "0": 3,
      "1": 3,
      "2": 3,
      "3": 3,
      "4": 0,
      "5": 0,
      "6": 0,
      "7": 0,
      "8": 0,
      "9": 3,
      "10": 0,
      "11": 3,
      "12": 3,
      "13": 0,
      "14": 3,
      "15": 3,
      "16": 0,
      "17": 3,
      "18": 3,
      "19": 0,
      "20": 3,
      "21": 3,
      "22": 0,
      "23": 0,
      "24": 3,
      "25": 0,
      "26": 0,
      "27": 3,
      "28": 0,
      "29": 0,
      "30": 3,
      "31": 0,
      "32": 0
    },
    "f": {
      "0": 0,
      "1": 0,
      "2": 0,
      "3": 0,
      "4": 0,
      "5": 0,
      "6": 0,
      "7": 0,
      "8": 0,
      "9": 0,
      "10": 0,
      "11": 0,
      "12": 0,
      "13": 0,
      "14": 0,
      "15": 0,
      "16": 0
    },
    "b": {}
  },
  "/home/jaskaran/repos/enki-website/src/stores/basket.ts": {
    "path": "/home/jaskaran/repos/enki-website/src/stores/basket.ts",
    "statementMap": {
      "0": {
        "start": { "line": 1, "column": 0 },
        "end": { "line": 1, "column": 50 }
      },
      "1": {
        "start": { "line": 8, "column": 13 },
        "end": { "line": 8, "column": 62 }
      }
    },
    "fnMap": {},
    "branchMap": {},
    "s": { "0": 4, "1": 4 },
    "f": {},
    "b": {}
  },
  "/home/jaskaran/repos/enki-website/src/stores/categories.ts": {
    "path": "/home/jaskaran/repos/enki-website/src/stores/categories.ts",
    "statementMap": {
      "0": {
        "start": { "line": 1, "column": 0 },
        "end": { "line": 1, "column": 40 }
      },
      "1": {
        "start": { "line": 4, "column": 21 },
        "end": { "line": 8, "column": 2 }
      },
      "2": {
        "start": { "line": 10, "column": 13 },
        "end": { "line": 10, "column": 59 }
      },
      "3": {
        "start": { "line": 12, "column": 21 },
        "end": { "line": 12, "column": 55 }
      },
      "4": {
        "start": { "line": 12, "column": 27 },
        "end": { "line": 12, "column": 55 }
      },
      "5": {
        "start": { "line": 12, "column": 13 },
        "end": { "line": 12, "column": 21 }
      }
    },
    "fnMap": {
      "0": {
        "name": "(anonymous_0)",
        "decl": {
          "start": { "line": 12, "column": 21 },
          "end": { "line": 12, "column": 24 }
        },
        "loc": {
          "start": { "line": 12, "column": 27 },
          "end": { "line": 12, "column": 55 }
        }
      }
    },
    "branchMap": {},
    "s": { "0": 2, "1": 2, "2": 2, "3": 2, "4": 5, "5": 2 },
    "f": { "0": 5 },
    "b": {}
  }
}
