TN:
SF:src/components/AddToBasket/AddToBasket.svelte
FN:15,(anonymous_14)
FN:21,(anonymous_16)
FN:45,(anonymous_18)
FN:41,(anonymous_19)
FN:48,(anonymous_20)
FNF:5
FNH:0
FNDA:0,(anonymous_14)
FNDA:0,(anonymous_16)
FNDA:0,(anonymous_18)
FNDA:0,(anonymous_19)
FNDA:0,(anonymous_20)
DA:2,3
DA:3,5
DA:15,5
DA:21,0
DA:22,0
DA:26,0
DA:29,0
DA:32,0
DA:41,5
DA:45,5
DA:48,5
LF:11
LH:6
BRDA:45,0,0,0
BRDA:45,0,1,0
BRDA:5,1,0,0
BRDA:22,2,0,0
BRDA:22,2,1,0
BRDA:25,3,0,0
BRDA:25,3,1,0
BRDA:25,3,2,0
BRF:8
BRH:0
end_of_record
TN:
SF:src/components/CategoryView/CategoryView.svelte
FN:87,(anonymous_43)
FNF:1
FNH:0
FNDA:0,(anonymous_43)
DA:4,1
DA:11,3
DA:13,0
DA:19,0
DA:21,0
DA:26,10
DA:29,7
DA:33,1
DA:34,1
DA:35,1
DA:36,1
DA:38,5
DA:39,5
DA:40,5
DA:42,5
DA:46,1
DA:47,1
DA:54,3
DA:59,4
DA:61,6
DA:64,6
DA:70,0
DA:75,5
DA:78,2
DA:82,6
DA:84,5
DA:85,4
DA:86,1
DA:87,5
DA:92,9
LF:30
LH:26
BRDA:85,0,0,4
BRDA:85,0,1,1
BRDA:87,1,0,0
BRDA:87,1,1,1
BRDA:87,2,0,1
BRDA:87,2,1,1
BRDA:87,3,0,0
BRDA:87,3,1,1
BRDA:87,4,0,1
BRDA:87,4,1,1
BRDA:92,5,0,9
BRDA:92,5,1,2
BRDA:84,6,0,5
BRDA:84,6,1,3
BRDA:92,7,0,1
BRDA:92,7,1,3
BRDA:92,8,0,4
BRDA:92,8,1,4
BRDA:92,8,2,4
BRDA:1,9,0,5
BRDA:1,9,1,0
BRDA:3,10,0,2
BRDA:8,11,0,7
BRDA:8,11,1,7
BRDA:26,12,0,7
BRDA:26,12,1,3
BRDA:29,13,0,7
BRDA:29,13,1,7
BRDA:42,14,0,5
BRDA:42,14,1,5
BRDA:42,14,2,5
BRDA:42,15,0,0
BRDA:42,15,1,5
BRDA:42,16,0,5
BRDA:42,16,1,5
BRDA:75,17,0,5
BRDA:75,17,1,0
BRDA:77,18,0,5
BRDA:77,18,1,3
BRDA:77,18,2,3
BRDA:77,19,0,0
BRDA:77,19,1,3
BRDA:77,20,0,3
BRDA:77,20,1,3
BRF:44
BRH:38
end_of_record
TN:
SF:src/components/Checkout/Checkout.svelte
FNF:0
FNH:0
DA:1,1
DA:3,1
DA:5,1
DA:6,1
DA:7,1
DA:14,1
DA:19,0
DA:26,0
DA:27,0
DA:28,0
DA:35,0
DA:40,0
DA:44,1
LF:13
LH:7
BRF:0
BRH:0
end_of_record
TN:
SF:src/components/ProductView/ProductView.svelte
FN:47,(anonymous_58)
FNF:1
FNH:1
FNDA:5,(anonymous_58)
DA:4,5
DA:11,5
DA:13,0
DA:19,0
DA:21,0
DA:26,10
DA:29,5
DA:33,2
DA:34,2
DA:35,2
DA:37,7
DA:38,7
DA:39,7
DA:40,7
DA:41,7
DA:44,5
DA:47,8
DA:53,2
DA:54,2
DA:59,2
DA:60,2
DA:64,7
DA:66,2
DA:67,3
DA:71,2
DA:72,0
LF:26
LH:22
BRDA:66,0,0,2
BRDA:66,0,1,2
BRDA:71,1,0,2
BRDA:71,1,1,0
BRDA:72,2,0,0
BRDA:72,2,1,0
BRDA:64,3,0,7
BRDA:64,3,1,6
BRDA:64,3,2,1
BRDA:64,4,0,1
BRDA:64,4,1,1
BRDA:1,5,0,7
BRDA:1,5,1,0
BRDA:3,6,0,0
BRDA:8,7,0,5
BRDA:8,7,1,5
BRDA:26,8,0,5
BRDA:26,8,1,5
BRDA:29,9,0,5
BRDA:29,9,1,5
BRDA:38,10,0,6
BRDA:39,11,0,7
BRDA:47,12,0,3
BRDA:47,12,1,5
BRDA:47,13,0,8
BRDA:47,13,1,7
BRF:26
BRH:21
end_of_record
TN:
SF:src/components/RootCategories/RootCategories.svelte
FN:41,(anonymous_30)
FN:41,(anonymous_31)
FNF:2
FNH:2
FNDA:4,(anonymous_30)
FNDA:1,(anonymous_31)
DA:4,4
DA:11,4
DA:13,0
DA:19,0
DA:21,0
DA:26,8
DA:29,4
DA:33,1
DA:34,1
DA:35,1
DA:36,1
DA:37,1
DA:39,4
DA:41,4
DA:45,4
DA:46,4
DA:56,8
DA:59,0
DA:60,0
DA:63,3
LF:20
LH:15
BRDA:63,0,0,0
BRDA:63,0,1,0
BRDA:63,1,0,0
BRDA:63,1,1,0
BRDA:1,2,0,4
BRDA:1,2,1,0
BRDA:3,3,0,0
BRDA:8,4,0,4
BRDA:8,4,1,4
BRDA:26,5,0,4
BRDA:26,5,1,4
BRDA:29,6,0,4
BRDA:29,6,1,4
BRDA:41,7,0,1
BRDA:41,7,1,0
BRF:15
BRH:8
end_of_record
TN:
SF:src/components/SingleProduct/SingleProduct.svelte
FN:11,(anonymous_23)
FNF:1
FNH:1
FNDA:4,(anonymous_23)
DA:1,3
DA:2,3
DA:4,6
DA:5,6
DA:7,6
DA:9,5
DA:10,2
DA:11,5
DA:13,2
DA:14,2
DA:20,2
DA:21,2
DA:22,2
DA:25,3
DA:26,3
DA:28,0
DA:29,3
DA:33,0
DA:34,0
LF:19
LH:16
BRDA:9,0,0,2
BRDA:9,0,1,3
BRDA:34,1,0,0
BRDA:34,1,1,0
BRDA:33,2,0,0
BRDA:33,2,1,0
BRDA:25,3,0,3
BRDA:25,3,1,0
BRDA:28,4,0,0
BRDA:28,4,1,0
BRDA:25,5,0,0
BRDA:25,5,1,0
BRDA:26,6,0,0
BRDA:26,6,1,0
BRDA:29,7,0,0
BRDA:29,7,1,0
BRDA:29,8,0,0
BRDA:29,8,1,0
BRDA:10,9,0,2
BRDA:10,9,1,1
BRDA:20,10,0,0
BRDA:20,10,1,0
BRDA:20,11,0,0
BRDA:20,11,1,0
BRDA:21,12,0,0
BRDA:21,12,1,0
BRDA:21,13,0,0
BRDA:21,13,1,0
BRDA:22,14,0,0
BRDA:22,14,1,0
BRDA:22,15,0,0
BRDA:22,15,1,0
BRDA:13,16,0,2
BRDA:13,16,1,0
BRDA:13,17,0,0
BRDA:13,17,1,0
BRDA:14,18,0,0
BRDA:14,18,1,0
BRDA:7,19,0,6
BRDA:7,19,1,5
BRDA:5,20,0,2
BRF:41
BRH:9
end_of_record
TN:
SF:src/components/VariantProducts/VariantProducts.svelte
FN:14,(anonymous_15)
FNF:1
FNH:0
FNDA:0,(anonymous_15)
DA:1,2
DA:2,2
DA:4,0
DA:5,0
DA:6,0
DA:9,0
DA:12,0
DA:13,0
DA:14,0
DA:15,0
DA:16,0
DA:21,0
DA:22,0
LF:13
LH:2
BRDA:16,0,0,0
BRDA:16,0,1,0
BRDA:16,1,0,0
BRDA:16,1,1,0
BRDA:16,2,0,0
BRDA:16,2,1,0
BRDA:14,3,0,0
BRDA:14,3,1,0
BRDA:22,4,0,0
BRDA:22,4,1,0
BRDA:12,5,0,0
BRDA:12,5,1,0
BRDA:21,6,0,0
BRDA:21,6,1,0
BRDA:5,7,0,0
BRF:15
BRH:0
end_of_record
TN:
SF:src/libs/requests.ts
FN:12,(anonymous_6)
FN:16,(anonymous_7)
FN:18,(anonymous_8)
FN:19,(anonymous_9)
FN:21,(anonymous_10)
FN:24,(anonymous_11)
FN:28,(anonymous_12)
FN:31,(anonymous_13)
FN:34,(anonymous_14)
FN:37,(anonymous_15)
FN:39,(anonymous_16)
FN:41,(anonymous_17)
FN:43,(anonymous_18)
FN:45,(anonymous_19)
FN:47,(anonymous_20)
FN:49,(anonymous_21)
FN:51,(anonymous_22)
FNF:17
FNH:0
FNDA:0,(anonymous_6)
FNDA:0,(anonymous_7)
FNDA:0,(anonymous_8)
FNDA:0,(anonymous_9)
FNDA:0,(anonymous_10)
FNDA:0,(anonymous_11)
FNDA:0,(anonymous_12)
FNDA:0,(anonymous_13)
FNDA:0,(anonymous_14)
FNDA:0,(anonymous_15)
FNDA:0,(anonymous_16)
FNDA:0,(anonymous_17)
FNDA:0,(anonymous_18)
FNDA:0,(anonymous_19)
FNDA:0,(anonymous_20)
FNDA:0,(anonymous_21)
FNDA:0,(anonymous_22)
DA:1,3
DA:2,3
DA:3,3
DA:12,3
DA:15,0
DA:17,0
DA:18,0
DA:19,0
DA:21,0
DA:24,3
DA:26,0
DA:28,3
DA:29,0
DA:31,3
DA:32,0
DA:34,3
DA:35,0
DA:37,3
DA:39,0
DA:41,3
DA:43,0
DA:45,3
DA:47,0
DA:49,3
DA:51,0
LF:25
LH:12
BRF:0
BRH:0
end_of_record
TN:
SF:src/stores/basket.ts
FNF:0
FNH:0
DA:1,4
DA:8,4
LF:2
LH:2
BRF:0
BRH:0
end_of_record
TN:
SF:src/stores/categories.ts
FN:12,(anonymous_0)
FNF:1
FNH:1
FNDA:5,(anonymous_0)
DA:1,2
DA:4,2
DA:10,2
DA:12,5
LF:4
LH:4
BRF:0
BRH:0
end_of_record
